2022-12-14 19:01:54,115 INFO  [Log] ****************** 
2022-12-14 19:01:54,115 INFO  [Log] ************** 
2022-12-14 19:01:54,123 INFO  [Log] ############   My first test case is Login test ################ 
2022-12-14 19:01:54,124 INFO  [Log] *************** 
2022-12-14 19:01:54,124 INFO  [Log] ************** 
2022-12-14 19:01:54,124 INFO  [Log] My login test is going on 
2022-12-14 19:01:54,124 INFO  [Log] My test case might be failed 
2022-12-14 19:01:57,871 INFO  [Log] My test case is about to complete 
2022-12-14 19:01:57,871 INFO  [Log] ################################## 
2022-12-14 19:01:57,871 INFO  [Log] ########################################## 
2022-12-14 19:01:57,871 INFO  [Log] ############   This is my login test again ################ 
2022-12-14 19:01:57,873 INFO  [Log] ########################## 
2022-12-14 19:01:57,873 INFO  [Log] ########################################## 
2022-12-14 22:49:15,445 INFO  [Log] ****************** 
2022-12-14 22:49:15,446 INFO  [Log] ************** 
2022-12-14 22:49:15,448 INFO  [Log] ############   My first test case is Login test ################ 
2022-12-14 22:49:15,448 INFO  [Log] *************** 
2022-12-14 22:49:15,448 INFO  [Log] ************** 
2022-12-14 22:49:15,448 INFO  [Log] My login test is going on 
2022-12-14 22:49:15,448 INFO  [Log] My test case might be failed 
2022-12-14 22:49:18,814 INFO  [Log] My test case is about to complete 
2022-12-14 22:49:18,815 INFO  [Log] ################################## 
2022-12-14 22:49:18,815 INFO  [Log] ########################################## 
2022-12-14 22:49:18,815 INFO  [Log] ############   This is my login test again ################ 
2022-12-14 22:49:18,815 INFO  [Log] ########################## 
2022-12-14 22:49:18,815 INFO  [Log] ########################################## 
2022-12-28 18:08:14,278 INFO  [Log] ****************** 
2022-12-28 18:08:14,278 INFO  [Log] ************** 
2022-12-28 18:08:14,284 INFO  [Log] ############   My first test case is Login test ################ 
2022-12-28 18:08:14,284 INFO  [Log] *************** 
2022-12-28 18:08:14,284 INFO  [Log] ************** 
2022-12-28 18:08:14,284 INFO  [Log] My login test is going on 
2022-12-28 18:08:14,284 INFO  [Log] My test case might be failed 
2022-12-28 18:08:20,920 INFO  [Log] My test case is about to complete 
2022-12-28 18:08:20,920 INFO  [Log] ################################## 
2022-12-28 18:08:20,920 INFO  [Log] ########################################## 
2022-12-28 18:08:20,921 INFO  [Log] ############   This is my login test again ################ 
2022-12-28 18:08:20,921 INFO  [Log] ########################## 
2022-12-28 18:08:20,921 INFO  [Log] ########################################## 
2022-12-28 18:08:23,106 INFO  [Log] ****************** 
2022-12-28 18:08:23,107 INFO  [Log] ************** 
2022-12-28 18:08:23,107 INFO  [Log] ############   My first test case is Login test ################ 
2022-12-28 18:08:23,107 INFO  [Log] *************** 
2022-12-28 18:08:23,107 INFO  [Log] ************** 
2022-12-28 18:08:23,107 INFO  [Log] My login test is going on 
2022-12-28 18:08:23,107 INFO  [Log] My test case might be failed 
2022-12-28 18:08:30,247 INFO  [Log] My test case is about to complete 
2022-12-28 18:08:30,247 INFO  [Log] ################################## 
2022-12-28 18:08:30,247 INFO  [Log] ########################################## 
2022-12-28 18:08:30,247 INFO  [Log] ############   This is my login test again ################ 
2022-12-28 18:08:30,247 INFO  [Log] ########################## 
2022-12-28 18:08:30,247 INFO  [Log] ########################################## 
2022-12-31 07:21:05,289 INFO  [Log] ****************** 
2022-12-31 07:21:05,290 INFO  [Log] ************** 
2022-12-31 07:21:05,296 INFO  [Log] ############   My first test case is Login test ################ 
2022-12-31 07:21:05,296 INFO  [Log] *************** 
2022-12-31 07:21:05,296 INFO  [Log] ************** 
2022-12-31 07:21:05,296 INFO  [Log] My login test is going on 
2022-12-31 07:21:05,296 INFO  [Log] My test case might be failed 
2022-12-31 07:21:11,312 INFO  [Log] My test case is about to complete 
2022-12-31 07:21:11,312 INFO  [Log] ################################## 
2022-12-31 07:21:11,312 INFO  [Log] ########################################## 
2022-12-31 07:21:11,312 INFO  [Log] ############   This is my login test again ################ 
2022-12-31 07:21:11,313 INFO  [Log] ########################## 
2022-12-31 07:21:11,313 INFO  [Log] ########################################## 
2022-12-31 07:21:13,321 INFO  [Log] ****************** 
2022-12-31 07:21:13,322 INFO  [Log] ************** 
2022-12-31 07:21:13,322 INFO  [Log] ############   My first test case is Login test ################ 
2022-12-31 07:21:13,322 INFO  [Log] *************** 
2022-12-31 07:21:13,322 INFO  [Log] ************** 
2022-12-31 07:21:13,322 INFO  [Log] My login test is going on 
2022-12-31 07:21:13,322 INFO  [Log] My test case might be failed 
2022-12-31 07:21:22,469 INFO  [Log] My test case is about to complete 
2022-12-31 07:21:22,469 INFO  [Log] ################################## 
2022-12-31 07:21:22,469 INFO  [Log] ########################################## 
2022-12-31 07:21:22,469 INFO  [Log] ############   This is my login test again ################ 
2022-12-31 07:21:22,469 INFO  [Log] ########################## 
2022-12-31 07:21:22,470 INFO  [Log] ########################################## 
2022-12-31 07:25:37,431 INFO  [Log] ****************** 
2022-12-31 07:25:37,432 INFO  [Log] ************** 
2022-12-31 07:25:37,446 INFO  [Log] ############   My first test case is Login test ################ 
2022-12-31 07:25:37,446 INFO  [Log] *************** 
2022-12-31 07:25:37,446 INFO  [Log] ************** 
2022-12-31 07:25:37,446 INFO  [Log] My login test is going on 
2022-12-31 07:25:37,446 INFO  [Log] My test case might be failed 
2022-12-31 07:25:43,512 INFO  [Log] My test case is about to complete 
2022-12-31 07:25:43,513 INFO  [Log] ################################## 
2022-12-31 07:25:43,513 INFO  [Log] ########################################## 
2022-12-31 07:25:43,513 INFO  [Log] ############   This is my login test again ################ 
2022-12-31 07:25:43,513 INFO  [Log] ########################## 
2022-12-31 07:25:43,513 INFO  [Log] ########################################## 
2022-12-31 07:25:45,769 INFO  [Log] ****************** 
2022-12-31 07:25:45,769 INFO  [Log] ************** 
2022-12-31 07:25:45,769 INFO  [Log] ############   My first test case is Login test ################ 
2022-12-31 07:25:45,769 INFO  [Log] *************** 
2022-12-31 07:25:45,769 INFO  [Log] ************** 
2022-12-31 07:25:45,769 INFO  [Log] My login test is going on 
2022-12-31 07:25:45,769 INFO  [Log] My test case might be failed 
2022-12-31 07:25:52,251 INFO  [Log] My test case is about to complete 
2022-12-31 07:25:52,251 INFO  [Log] ################################## 
2022-12-31 07:25:52,251 INFO  [Log] ########################################## 
2022-12-31 07:25:52,251 INFO  [Log] ############   This is my login test again ################ 
2022-12-31 07:25:52,251 INFO  [Log] ########################## 
2022-12-31 07:25:52,251 INFO  [Log] ########################################## 
2022-12-31 07:28:04,890 INFO  [Log] ****************** 
2022-12-31 07:28:04,890 INFO  [Log] ************** 
2022-12-31 07:28:04,897 INFO  [Log] ############   My first test case is Login test ################ 
2022-12-31 07:28:04,898 INFO  [Log] *************** 
2022-12-31 07:28:04,898 INFO  [Log] ************** 
2022-12-31 07:28:04,898 INFO  [Log] My login test is going on 
2022-12-31 07:28:04,898 INFO  [Log] My test case might be failed 
2022-12-31 07:28:11,445 INFO  [Log] My test case is about to complete 
2022-12-31 07:28:11,445 INFO  [Log] ################################## 
2022-12-31 07:28:11,445 INFO  [Log] ########################################## 
2022-12-31 07:28:11,445 INFO  [Log] ############   This is my login test again ################ 
2022-12-31 07:28:11,445 INFO  [Log] ########################## 
2022-12-31 07:28:11,446 INFO  [Log] ########################################## 
2022-12-31 07:29:10,222 INFO  [Log] ****************** 
2022-12-31 07:29:10,222 INFO  [Log] ************** 
2022-12-31 07:29:10,229 INFO  [Log] ############   My first test case is Login test ################ 
2022-12-31 07:29:10,229 INFO  [Log] *************** 
2022-12-31 07:29:10,229 INFO  [Log] ************** 
2022-12-31 07:29:10,229 INFO  [Log] My login test is going on 
2022-12-31 07:29:10,229 INFO  [Log] My test case might be failed 
2022-12-31 07:29:23,864 INFO  [Log] My test case is about to complete 
2022-12-31 07:29:23,864 INFO  [Log] ################################## 
2022-12-31 07:29:23,864 INFO  [Log] ########################################## 
2022-12-31 07:29:23,864 INFO  [Log] ############   This is my login test again ################ 
2022-12-31 07:29:23,864 INFO  [Log] ########################## 
2022-12-31 07:29:23,864 INFO  [Log] ########################################## 
2022-12-31 07:30:05,384 INFO  [Log] ****************** 
2022-12-31 07:30:05,384 INFO  [Log] ************** 
2022-12-31 07:30:05,390 INFO  [Log] ############   My first test case is Login test ################ 
2022-12-31 07:30:05,391 INFO  [Log] *************** 
2022-12-31 07:30:05,391 INFO  [Log] ************** 
2022-12-31 07:30:05,391 INFO  [Log] My login test is going on 
2022-12-31 07:30:05,391 INFO  [Log] My test case might be failed 
2022-12-31 07:30:17,924 INFO  [Log] My test case is about to complete 
2022-12-31 07:30:17,924 INFO  [Log] ################################## 
2022-12-31 07:30:17,924 INFO  [Log] ########################################## 
2022-12-31 07:30:17,925 INFO  [Log] ############   This is my login test again ################ 
2022-12-31 07:30:17,925 INFO  [Log] ########################## 
2022-12-31 07:30:17,925 INFO  [Log] ########################################## 
2022-12-31 07:31:16,140 INFO  [Log] ****************** 
2022-12-31 07:31:16,141 INFO  [Log] ************** 
2022-12-31 07:31:16,147 INFO  [Log] ############   My first test case is Login test ################ 
2022-12-31 07:31:16,147 INFO  [Log] *************** 
2022-12-31 07:31:16,147 INFO  [Log] ************** 
2022-12-31 07:31:16,147 INFO  [Log] My login test is going on 
2022-12-31 07:31:16,148 INFO  [Log] My test case might be failed 
2022-12-31 07:31:28,920 INFO  [Log] My test case is about to complete 
2022-12-31 07:31:28,920 INFO  [Log] ################################## 
2022-12-31 07:31:28,920 INFO  [Log] ########################################## 
2022-12-31 07:31:28,920 INFO  [Log] ############   This is my login test again ################ 
2022-12-31 07:31:28,920 INFO  [Log] ########################## 
2022-12-31 07:31:28,920 INFO  [Log] ########################################## 
2022-12-31 07:32:58,904 INFO  [Log] ****************** 
2022-12-31 07:32:58,905 INFO  [Log] ************** 
2022-12-31 07:32:58,911 INFO  [Log] ############   My first test case is Login test ################ 
2022-12-31 07:32:58,911 INFO  [Log] *************** 
2022-12-31 07:32:58,911 INFO  [Log] ************** 
2022-12-31 07:32:58,911 INFO  [Log] My login test is going on 
2022-12-31 07:32:58,911 INFO  [Log] My test case might be failed 
2022-12-31 07:33:05,352 INFO  [Log] My test case is about to complete 
2022-12-31 07:33:05,352 INFO  [Log] ################################## 
2022-12-31 07:33:05,353 INFO  [Log] ########################################## 
2022-12-31 07:33:05,353 INFO  [Log] ############   This is my login test again ################ 
2022-12-31 07:33:05,353 INFO  [Log] ########################## 
2022-12-31 07:33:05,353 INFO  [Log] ########################################## 
2022-12-31 07:56:45,555 INFO  [Log] ****************** 
2022-12-31 07:56:45,556 INFO  [Log] ************** 
2022-12-31 07:56:45,562 INFO  [Log] ############   My first test case is Login test ################ 
2022-12-31 07:56:45,562 INFO  [Log] *************** 
2022-12-31 07:56:45,562 INFO  [Log] ************** 
2022-12-31 07:56:45,563 INFO  [Log] My login test is going on 
2022-12-31 07:56:45,563 INFO  [Log] My test case might be failed 
2022-12-31 07:56:58,173 INFO  [Log] My test case is about to complete 
2022-12-31 07:56:58,173 INFO  [Log] ################################## 
2022-12-31 07:56:58,173 INFO  [Log] ########################################## 
2022-12-31 07:56:58,174 INFO  [Log] ############   This is my login test again ################ 
2022-12-31 07:56:58,174 INFO  [Log] ########################## 
2022-12-31 07:56:58,174 INFO  [Log] ########################################## 
2022-12-31 07:57:57,938 INFO  [Log] ****************** 
2022-12-31 07:57:57,939 INFO  [Log] ************** 
2022-12-31 07:57:57,946 INFO  [Log] ############   My first test case is Login test ################ 
2022-12-31 07:57:57,946 INFO  [Log] *************** 
2022-12-31 07:57:57,946 INFO  [Log] ************** 
2022-12-31 07:57:57,946 INFO  [Log] My login test is going on 
2022-12-31 07:57:57,946 INFO  [Log] My test case might be failed 
2022-12-31 07:58:12,775 INFO  [Log] My test case is about to complete 
2022-12-31 07:58:12,776 INFO  [Log] ################################## 
2022-12-31 07:58:12,776 INFO  [Log] ########################################## 
2022-12-31 07:58:12,776 INFO  [Log] ############   This is my login test again ################ 
2022-12-31 07:58:12,776 INFO  [Log] ########################## 
2022-12-31 07:58:12,777 INFO  [Log] ########################################## 
2022-12-31 07:59:51,296 INFO  [Log] ****************** 
2022-12-31 07:59:51,296 INFO  [Log] ************** 
2022-12-31 07:59:51,303 INFO  [Log] ############   My first test case is Login test ################ 
2022-12-31 07:59:51,303 INFO  [Log] *************** 
2022-12-31 07:59:51,303 INFO  [Log] ************** 
2022-12-31 07:59:51,303 INFO  [Log] My login test is going on 
2022-12-31 07:59:51,303 INFO  [Log] My test case might be failed 
2022-12-31 08:00:08,414 INFO  [Log] My test case is about to complete 
2022-12-31 08:00:08,415 INFO  [Log] ################################## 
2022-12-31 08:00:08,415 INFO  [Log] ########################################## 
2022-12-31 08:00:08,415 INFO  [Log] ############   This is my login test again ################ 
2022-12-31 08:00:08,415 INFO  [Log] ########################## 
2022-12-31 08:00:08,415 INFO  [Log] ########################################## 
